<?xml version="1.0" encoding="UTF-8"?>
<!-- Generated by org.testng.reporters.JUnitReportReporter -->
<testsuite skipped="0" hostname="Gayathri" name="com.k2js.mavenbasicframework.testscripts.NewTourRunner" tests="3" failures="0" timestamp="14 Nov 2019 03:33:23 GMT" time="41.341" errors="0">
  <testcase name="verifyConformationMessage" time="13.061" classname="com.k2js.mavenbasicframework.testscripts.NewTourRunner"/>
  <testcase name="verifyHomePageTitile" time="16.066" classname="com.k2js.mavenbasicframework.testscripts.NewTourRunner"/>
  <testcase name="verifyFlightDetails_Prefrences_Headings" time="12.214" classname="com.k2js.mavenbasicframework.testscripts.NewTourRunner"/>
</testsuite> <!-- com.k2js.mavenbasicframework.testscripts.NewTourRunner -->
