<?xml version="1.0" encoding="UTF-8"?>
<!-- Generated by org.testng.reporters.JUnitReportReporter -->
<testsuite skipped="0" hostname="Gayathri" name="com.k2js.mavenbasicframework.testscripts.NewTourRunner" tests="3" failures="0" timestamp="19 Nov 2019 08:37:22 GMT" time="142.338" errors="0">
  <testcase name="verifyHomePageTitile" time="20.210" classname="com.k2js.mavenbasicframework.testscripts.NewTourRunner"/>
  <testcase name="verifyFlightDetails_Prefrences_Headings" time="66.967" classname="com.k2js.mavenbasicframework.testscripts.NewTourRunner"/>
  <testcase name="verifyConformationMessage" time="55.161" classname="com.k2js.mavenbasicframework.testscripts.NewTourRunner"/>
</testsuite> <!-- com.k2js.mavenbasicframework.testscripts.NewTourRunner -->
